<?xml version="1.0" encoding="UTF-8"?>
<!-- Generated by org.testng.reporters.JUnitReportReporter -->
<testsuite hostname="LAPTOP-DOFJ2PUU" failures="0" tests="1" name="demoblaze_test.AddItem_Test" time="12.185" errors="0" timestamp="2022-06-22T01:15:49 IST" skipped="0">
  <testcase classname="demoblaze_test.AddItem_Test" name="addItem" time="12.185"/>
  <system-out/>
</testsuite> <!-- demoblaze_test.AddItem_Test -->
