<?xml version="1.0" encoding="UTF-8"?>
<!-- Generated by org.testng.reporters.JUnitReportReporter -->
<testsuite hostname="Sonu-Singh" failures="0" tests="1" name="demoblaze_test.Additem_demo" time="8.235" errors="0" timestamp="2022-06-21T21:55:02 IST" skipped="0">
  <testcase classname="demoblaze_test.Additem_demo" name="addItem" time="8.235"/>
  <system-out/>
</testsuite> <!-- demoblaze_test.Additem_demo -->
