<?xml version="1.0" encoding="UTF-8"?>
<!-- Generated by org.testng.reporters.JUnitReportReporter -->
<testsuite hostname="Sonu-Singh" failures="0" tests="1" name="additem.Delete_Demo" time="12.942" errors="0" timestamp="2022-06-21T16:51:14 IST" skipped="0">
  <testcase classname="additem.Delete_Demo" name="deletRecord" time="12.942"/>
  <system-out/>
</testsuite> <!-- additem.Delete_Demo -->
