<?xml version="1.0" encoding="UTF-8"?>
<!-- Generated by org.testng.reporters.JUnitReportReporter -->
<testsuite hostname="Sonu-Singh" failures="0" tests="2" name="additem.Additem_demo" time="32.517" errors="0" timestamp="2022-06-21T15:33:32 IST" skipped="0">
  <testcase classname="additem.Additem_demo" name="addItem" time="31.886"/>
  <system-out/>
  <testcase classname="additem.Additem_demo" name="screeShot" time="0.631"/>
  <system-out/>
</testsuite> <!-- additem.Additem_demo -->
